<?xml version="1.0" encoding="UTF-8"?>
<testng-results skipped="0" failed="0" ignored="0" total="1" passed="1">
  <reporter-output>
  </reporter-output>
  <suite name="Default Suite" duration-ms="33" started-at="2021-11-13T15:01:33 IST" finished-at="2021-11-13T15:01:33 IST">
    <groups>
    </groups>
    <test name="RestAssuredProject2" duration-ms="33" started-at="2021-11-13T15:01:33 IST" finished-at="2021-11-13T15:01:33 IST">
      <class name="APITests">
        <test-method status="PASS" signature="test4()[pri:0, instance:APITests@29774679]" name="test4" duration-ms="5" started-at="2021-11-13T15:01:33 IST" finished-at="2021-11-13T15:01:33 IST">
          <reporter-output>
          </reporter-output>
        </test-method> <!-- test4 -->
      </class> <!-- APITests -->
    </test> <!-- RestAssuredProject2 -->
  </suite> <!-- Default Suite -->
</testng-results>
